[debug] [2018-06-19T20:09:27.522Z] ----------------------------------------------------------------------
[debug] [2018-06-19T20:09:27.524Z] Command:       /usr/local/bin/node /usr/local/bin/firebase serve
[debug] [2018-06-19T20:09:27.524Z] CLI Version:   3.17.3
[debug] [2018-06-19T20:09:27.524Z] Platform:      darwin
[debug] [2018-06-19T20:09:27.524Z] Node Version:  v8.9.4
[debug] [2018-06-19T20:09:27.525Z] Time:          Tue Jun 19 2018 14:09:27 GMT-0600 (MDT)
[debug] [2018-06-19T20:09:27.526Z] ----------------------------------------------------------------------
[debug] 
[debug] [2018-06-19T20:09:27.538Z] > command requires scopes: ["email","openid","https://www.googleapis.com/auth/cloudplatformprojects.readonly","https://www.googleapis.com/auth/firebase","https://www.googleapis.com/auth/cloud-platform"]
[debug] [2018-06-19T20:09:27.538Z] > authorizing via signed-in user
[debug] [2018-06-19T20:09:27.539Z] >>> HTTP REQUEST GET https://admin.firebase.com/v1/projects/virtual-relay  
  
 Tue Jun 19 2018 14:09:27 GMT-0600 (MDT)
[debug] [2018-06-19T20:09:27.932Z] <<< HTTP RESPONSE 200
[debug] [2018-06-19T20:09:27.933Z] >>> HTTP REQUEST GET https://admin.firebase.com/v1/database/virtual-relay/tokens  
  
 Tue Jun 19 2018 14:09:27 GMT-0600 (MDT)
[debug] [2018-06-19T20:09:28.380Z] <<< HTTP RESPONSE 200
[info] 
[info] === Serving from '/Users/jack/virtualrelay'...
[info] 
[debug] [2018-06-19T20:09:28.383Z] >>> HTTP REQUEST GET https://cloudresourcemanager.googleapis.com/v1/projects/virtual-relay  
  
 Tue Jun 19 2018 14:09:28 GMT-0600 (MDT)
[debug] [2018-06-19T20:09:28.648Z] <<< HTTP RESPONSE 200
[debug] [2018-06-19T20:09:28.648Z] >>> HTTP REQUEST GET https://mobilesdk-pa.googleapis.com/v1/projects/19522865119/clients/_:getWebAppConfig  
  
 Tue Jun 19 2018 14:09:28 GMT-0600 (MDT)
[debug] [2018-06-19T20:09:28.994Z] <<< HTTP RESPONSE 200
[info] i  hosting: Serving hosting files from: public
[info] ✔  hosting: Local server: http://localhost:5000

